2025-04-07 15:45:48 - å¼€å§‹æœ€ç»ˆæ¸…ç†...
2025-04-07 15:45:48 - æ¸…ç†å¼‚å¸¸æ–‡ä»¶...
2025-04-07 15:45:48 -   å·²åˆ é™¤æ‰€æœ‰éMarkdownç©ºæ–‡ä»¶
2025-04-07 15:45:48 -   å·²åˆ é™¤ç‰¹å®šæ ¼å¼çš„å¼‚å¸¸æ–‡ä»¶
2025-04-07 15:45:48 - æ‰§è¡Œæœ€åçš„æ–‡ä»¶æ£€æŸ¥...
2025-04-07 15:45:49 -   ç©ºMarkdownæ–‡ä»¶æ•°é‡:        0
2025-04-07 15:45:49 -   æ€»å…±Markdownæ–‡ä»¶æ•°:      106
2025-04-07 15:45:49 -   æ–‡ä»¶åˆ†å¸ƒæƒ…å†µ:
2025-04-07 15:45:49 -     - family-life: ¸ªæ–‡ä»¶
2025-04-07 15:45:49 -     - finance: ¸ªæ–‡ä»¶
2025-04-07 15:45:49 -     - insurance: ¸ªæ–‡ä»¶
2025-04-07 15:45:49 -     - open-source: ¸ªæ–‡ä»¶
2025-04-07 15:45:49 -     - personal-blog: ¸ªæ–‡ä»¶
2025-04-07 15:45:49 -     - product-management: ¸ªæ–‡ä»¶
2025-04-07 15:45:49 -     - reading: ¸ªæ–‡ä»¶
2025-04-07 15:45:49 -     - tech-tools: ¸ªæ–‡ä»¶
2025-04-07 15:45:49 - ç”Ÿæˆæœ€ç»ˆæŠ¥å‘Š...
2025-04-07 15:45:49 -   æŠ¥å‘Šå·²ç”Ÿæˆ: /Users/dada/Documents/dada_blog/reports/blog_standardization_report_2025-04-07.md
2025-04-07 15:45:49 - æ‰€æœ‰æ¸…ç†å’Œæ£€æŸ¥å·¥ä½œå·²å®Œæˆã€‚
2025-04-07 15:45:49 - è¯·æŸ¥çœ‹æœ€ç»ˆæŠ¥å‘Š: /Users/dada/Documents/dada_blog/reports/blog_standardization_report_2025-04-07.md
