2025-04-07 11:49:57 - å¼€å§‹æœ€ç»ˆæ¸…ç†...
2025-04-07 11:49:57 - æ¸…ç†å¼‚å¸¸æ–‡ä»¶...
2025-04-07 11:49:57 -   å·²åˆ é™¤æ‰€æœ‰éMarkdownç©ºæ–‡ä»¶
2025-04-07 11:49:57 -   å·²åˆ é™¤ç‰¹å®šæ ¼å¼çš„å¼‚å¸¸æ–‡ä»¶
2025-04-07 11:49:57 -   å¤„ç†å¼‚å¸¸æ–‡ä»¶: /Users/dada/Documents/dada_blog/docs/posts/tech-tools/2025-02-16-description- -.md
2025-04-07 11:49:57 -   å·²åˆ›å»ºè§„èŒƒæ–‡ä»¶: /Users/dada/Documents/dada_blog/docs/posts/tech-tools/2025-02-16-tech-tools-document.md å¹¶åˆ é™¤åŸå§‹æ–‡ä»¶
2025-04-07 11:49:57 -   å¤„ç†å¼‚å¸¸æ–‡ä»¶: /Users/dada/Documents/dada_blog/docs/posts/product-management/2024-10-30-description- -.md
2025-04-07 11:49:57 -   å·²åˆ›å»ºè§„èŒƒæ–‡ä»¶: /Users/dada/Documents/dada_blog/docs/posts/product-management/2024-10-30-product-management-document.md å¹¶åˆ é™¤åŸå§‹æ–‡ä»¶
2025-04-07 11:49:57 -   å¤„ç†å¼‚å¸¸æ–‡ä»¶: /Users/dada/Documents/dada_blog/docs/posts/product-management/2025-01-15-description- -.md
2025-04-07 11:49:57 -   å·²åˆ›å»ºè§„èŒƒæ–‡ä»¶: /Users/dada/Documents/dada_blog/docs/posts/product-management/2025-01-15-product-management-document.md å¹¶åˆ é™¤åŸå§‹æ–‡ä»¶
2025-04-07 11:49:57 - æ‰§è¡Œæœ€åçš„æ–‡ä»¶æ£€æŸ¥...
2025-04-07 11:49:58 -   ç©ºMarkdownæ–‡ä»¶æ•°é‡:        0
2025-04-07 11:49:58 -   æ€»å…±Markdownæ–‡ä»¶æ•°:      106
2025-04-07 11:49:58 -   æ–‡ä»¶åˆ†å¸ƒæƒ…å†µ:
2025-04-07 11:49:58 -     - family-life: ¸ªæ–‡ä»¶
2025-04-07 11:49:58 -     - finance: ¸ªæ–‡ä»¶
2025-04-07 11:49:58 -     - insurance: ¸ªæ–‡ä»¶
2025-04-07 11:49:58 -     - open-source: ¸ªæ–‡ä»¶
2025-04-07 11:49:58 -     - personal-blog: ¸ªæ–‡ä»¶
2025-04-07 11:49:58 -     - product-management: ¸ªæ–‡ä»¶
2025-04-07 11:49:58 -     - reading: ¸ªæ–‡ä»¶
2025-04-07 11:49:58 -     - tech-tools: ¸ªæ–‡ä»¶
2025-04-07 11:49:58 - ç”Ÿæˆæœ€ç»ˆæŠ¥å‘Š...
2025-04-07 11:49:58 -   æŠ¥å‘Šå·²ç”Ÿæˆ: /Users/dada/Documents/dada_blog/reports/blog_standardization_report_2025-04-07.md
2025-04-07 11:49:58 - æ‰€æœ‰æ¸…ç†å’Œæ£€æŸ¥å·¥ä½œå·²å®Œæˆã€‚
2025-04-07 11:49:58 - è¯·æŸ¥çœ‹æœ€ç»ˆæŠ¥å‘Š: /Users/dada/Documents/dada_blog/reports/blog_standardization_report_2025-04-07.md
